<?xml version="1.0" encoding="UTF-8"?>
<!-- Generated by org.testng.reporters.JUnitReportReporter -->
<testsuite skipped="0" hostname="KISHORZZZZ-PC" name="script.VerifyProductVersion" tests="1" failures="0" timestamp="06 Jan 2019 07:51:19 GMT" time="14.112" errors="0">
  <testcase name="testProductVersion" time="14.112" classname="script.VerifyProductVersion"/>
</testsuite> <!-- script.VerifyProductVersion -->
