<?xml version="1.0" encoding="UTF-8"?>
<!-- Generated by org.testng.reporters.JUnitReportReporter -->
<testsuite skipped="0" hostname="KISHORZZZZ-PC" name="script.ValidLogin" tests="1" failures="0" timestamp="06 Jan 2019 07:51:19 GMT" time="31.108" errors="0">
  <testcase name="testValidLogin" time="31.108" classname="script.ValidLogin"/>
</testsuite> <!-- script.ValidLogin -->
